[09-Apr-2018 23:09:59 UTC] PHP Parse error:  syntax error, unexpected 'echo' (T_ECHO) in /app/public/experiment.php on line 3
[09-Apr-2018 23:10:04 UTC] PHP Parse error:  syntax error, unexpected 'echo' (T_ECHO) in /app/public/experiment.php on line 3
[09-Apr-2018 23:10:06 UTC] PHP Parse error:  syntax error, unexpected 'echo' (T_ECHO) in /app/public/experiment.php on line 3
[09-Apr-2018 23:12:41 UTC] PHP Notice:  Use of undefined constant username - assumed 'username' in /app/public/experiment.php on line 7
[09-Apr-2018 23:33:44 UTC] PHP Parse error:  syntax error, unexpected '<' in /app/public/wp-content/themes/ExpressU/index.php on line 4
[09-Apr-2018 23:49:31 UTC] PHP Parse error:  syntax error, unexpected '++' (T_INC) in /app/public/wp-content/themes/ExpressU/index.php on line 13
[09-Apr-2018 23:51:10 UTC] PHP Parse error:  syntax error, unexpected '<' in /app/public/wp-content/themes/ExpressU/index.php on line 12
[10-Apr-2018 00:16:54 UTC] PHP Parse error:  syntax error, unexpected ')' in /app/public/wp-content/themes/ExpressU/index.php on line 5
[10-Apr-2018 00:29:12 UTC] PHP Fatal error:  Maximum execution time of 1200 seconds exceeded in /app/public/wp-content/themes/ExpressU/index.php on line 11
[10-Apr-2018 00:30:05 UTC] PHP Fatal error:  Maximum execution time of 1200 seconds exceeded in /app/public/wp-content/themes/ExpressU/index.php on line 11
[10-Apr-2018 06:33:50 UTC] PHP Parse error:  syntax error, unexpected 'wp_enqueue_style' (T_STRING) in /app/public/wp-content/themes/ExpressU/functions.php on line 6
[10-Apr-2018 06:34:04 UTC] PHP Parse error:  syntax error, unexpected 'wp_enqueue_style' (T_STRING) in /app/public/wp-content/themes/ExpressU/functions.php on line 6
[10-Apr-2018 06:34:29 UTC] PHP Fatal error:  Allowed memory size of 268435456 bytes exhausted (tried to allocate 262144 bytes) in /app/public/wp-includes/cache.php on line 700
[10-Apr-2018 06:34:29 UTC] PHP Fatal error:  Allowed memory size of 268435456 bytes exhausted (tried to allocate 262144 bytes) in Unknown on line 0
[10-Apr-2018 06:34:29 UTC] PHP Fatal error:  Allowed memory size of 268435456 bytes exhausted (tried to allocate 262144 bytes) in Unknown on line 0
[10-Apr-2018 19:44:03 UTC] PHP Parse error:  syntax error, unexpected end of file in /app/public/wp-content/themes/ExpressU/functions.php on line 19
[10-Apr-2018 19:44:58 UTC] PHP Parse error:  syntax error, unexpected end of file in /app/public/wp-content/themes/ExpressU/functions.php on line 19
[10-Apr-2018 19:44:59 UTC] PHP Parse error:  syntax error, unexpected end of file in /app/public/wp-content/themes/ExpressU/functions.php on line 19
[10-Apr-2018 20:12:55 UTC] PHP Fatal error:  Uncaught ArgumentCountError: Too few arguments to function wp_get_post_parent_id(), 0 passed in /app/public/wp-content/themes/ExpressU/page.php on line 19 and exactly 1 expected in /app/public/wp-includes/post.php:6076
Stack trace:
#0 /app/public/wp-content/themes/ExpressU/page.php(19): wp_get_post_parent_id()
#1 /app/public/wp-includes/template-loader.php(74): include('/app/public/wp-...')
#2 /app/public/wp-blog-header.php(19): require_once('/app/public/wp-...')
#3 /app/public/index.php(17): require('/app/public/wp-...')
#4 {main}
  thrown in /app/public/wp-includes/post.php on line 6076
[10-Apr-2018 20:12:56 UTC] PHP Fatal error:  Uncaught ArgumentCountError: Too few arguments to function wp_get_post_parent_id(), 0 passed in /app/public/wp-content/themes/ExpressU/page.php on line 19 and exactly 1 expected in /app/public/wp-includes/post.php:6076
Stack trace:
#0 /app/public/wp-content/themes/ExpressU/page.php(19): wp_get_post_parent_id()
#1 /app/public/wp-includes/template-loader.php(74): include('/app/public/wp-...')
#2 /app/public/wp-blog-header.php(19): require_once('/app/public/wp-...')
#3 /app/public/index.php(17): require('/app/public/wp-...')
#4 {main}
  thrown in /app/public/wp-includes/post.php on line 6076
[10-Apr-2018 20:13:00 UTC] PHP Fatal error:  Uncaught ArgumentCountError: Too few arguments to function wp_get_post_parent_id(), 0 passed in /app/public/wp-content/themes/ExpressU/page.php on line 19 and exactly 1 expected in /app/public/wp-includes/post.php:6076
Stack trace:
#0 /app/public/wp-content/themes/ExpressU/page.php(19): wp_get_post_parent_id()
#1 /app/public/wp-includes/template-loader.php(74): include('/app/public/wp-...')
#2 /app/public/wp-blog-header.php(19): require_once('/app/public/wp-...')
#3 /app/public/index.php(17): require('/app/public/wp-...')
#4 {main}
  thrown in /app/public/wp-includes/post.php on line 6076
[10-Apr-2018 20:32:59 UTC] PHP Parse error:  syntax error, unexpected ';', expecting ')' in /app/public/wp-content/themes/ExpressU/page.php on line 41
[10-Apr-2018 22:16:43 UTC] PHP Fatal error:  Uncaught Error: Call to undefined function wp_nav() in /app/public/wp-content/themes/ExpressU/header.php:18
Stack trace:
#0 /app/public/wp-includes/template.php(688): require_once()
#1 /app/public/wp-includes/template.php(647): load_template('/app/public/wp-...', true)
#2 /app/public/wp-includes/general-template.php(41): locate_template(Array, true)
#3 /app/public/wp-content/themes/ExpressU/page.php(2): get_header()
#4 /app/public/wp-includes/template-loader.php(74): include('/app/public/wp-...')
#5 /app/public/wp-blog-header.php(19): require_once('/app/public/wp-...')
#6 /app/public/index.php(17): require('/app/public/wp-...')
#7 {main}
  thrown in /app/public/wp-content/themes/ExpressU/header.php on line 18
[10-Apr-2018 22:16:45 UTC] PHP Fatal error:  Uncaught Error: Call to undefined function wp_nav() in /app/public/wp-content/themes/ExpressU/header.php:18
Stack trace:
#0 /app/public/wp-includes/template.php(688): require_once()
#1 /app/public/wp-includes/template.php(647): load_template('/app/public/wp-...', true)
#2 /app/public/wp-includes/general-template.php(41): locate_template(Array, true)
#3 /app/public/wp-content/themes/ExpressU/page.php(2): get_header()
#4 /app/public/wp-includes/template-loader.php(74): include('/app/public/wp-...')
#5 /app/public/wp-blog-header.php(19): require_once('/app/public/wp-...')
#6 /app/public/index.php(17): require('/app/public/wp-...')
#7 {main}
  thrown in /app/public/wp-content/themes/ExpressU/header.php on line 18
[10-Apr-2018 22:16:47 UTC] PHP Fatal error:  Uncaught Error: Call to undefined function wp_nav() in /app/public/wp-content/themes/ExpressU/header.php:18
Stack trace:
#0 /app/public/wp-includes/template.php(688): require_once()
#1 /app/public/wp-includes/template.php(647): load_template('/app/public/wp-...', true)
#2 /app/public/wp-includes/general-template.php(41): locate_template(Array, true)
#3 /app/public/wp-content/themes/ExpressU/page.php(2): get_header()
#4 /app/public/wp-includes/template-loader.php(74): include('/app/public/wp-...')
#5 /app/public/wp-blog-header.php(19): require_once('/app/public/wp-...')
#6 /app/public/index.php(17): require('/app/public/wp-...')
#7 {main}
  thrown in /app/public/wp-content/themes/ExpressU/header.php on line 18
[10-Apr-2018 22:36:55 UTC] PHP Fatal error:  Uncaught Error: Call to undefined function parent_id() in /app/public/wp-content/themes/ExpressU/header.php:25
Stack trace:
#0 /app/public/wp-includes/template.php(688): require_once()
#1 /app/public/wp-includes/template.php(647): load_template('/app/public/wp-...', true)
#2 /app/public/wp-includes/general-template.php(41): locate_template(Array, true)
#3 /app/public/wp-content/themes/ExpressU/page.php(2): get_header()
#4 /app/public/wp-includes/template-loader.php(74): include('/app/public/wp-...')
#5 /app/public/wp-blog-header.php(19): require_once('/app/public/wp-...')
#6 /app/public/index.php(17): require('/app/public/wp-...')
#7 {main}
  thrown in /app/public/wp-content/themes/ExpressU/header.php on line 25
[10-Apr-2018 22:36:59 UTC] PHP Fatal error:  Uncaught Error: Call to undefined function parent_id() in /app/public/wp-content/themes/ExpressU/header.php:25
Stack trace:
#0 /app/public/wp-includes/template.php(688): require_once()
#1 /app/public/wp-includes/template.php(647): load_template('/app/public/wp-...', true)
#2 /app/public/wp-includes/general-template.php(41): locate_template(Array, true)
#3 /app/public/wp-content/themes/ExpressU/page.php(2): get_header()
#4 /app/public/wp-includes/template-loader.php(74): include('/app/public/wp-...')
#5 /app/public/wp-blog-header.php(19): require_once('/app/public/wp-...')
#6 /app/public/index.php(17): require('/app/public/wp-...')
#7 {main}
  thrown in /app/public/wp-content/themes/ExpressU/header.php on line 25
[10-Apr-2018 22:37:35 UTC] PHP Fatal error:  Uncaught Error: Call to undefined function parent_id() in /app/public/wp-content/themes/ExpressU/header.php:25
Stack trace:
#0 /app/public/wp-includes/template.php(688): require_once()
#1 /app/public/wp-includes/template.php(647): load_template('/app/public/wp-...', true)
#2 /app/public/wp-includes/general-template.php(41): locate_template(Array, true)
#3 /app/public/wp-content/themes/ExpressU/page.php(2): get_header()
#4 /app/public/wp-includes/template-loader.php(74): include('/app/public/wp-...')
#5 /app/public/wp-blog-header.php(19): require_once('/app/public/wp-...')
#6 /app/public/index.php(17): require('/app/public/wp-...')
#7 {main}
  thrown in /app/public/wp-content/themes/ExpressU/header.php on line 25
[10-Apr-2018 22:37:36 UTC] PHP Fatal error:  Uncaught Error: Call to undefined function parent_id() in /app/public/wp-content/themes/ExpressU/header.php:25
Stack trace:
#0 /app/public/wp-includes/template.php(688): require_once()
#1 /app/public/wp-includes/template.php(647): load_template('/app/public/wp-...', true)
#2 /app/public/wp-includes/general-template.php(41): locate_template(Array, true)
#3 /app/public/wp-content/themes/ExpressU/page.php(2): get_header()
#4 /app/public/wp-includes/template-loader.php(74): include('/app/public/wp-...')
#5 /app/public/wp-blog-header.php(19): require_once('/app/public/wp-...')
#6 /app/public/index.php(17): require('/app/public/wp-...')
#7 {main}
  thrown in /app/public/wp-content/themes/ExpressU/header.php on line 25
[10-Apr-2018 22:37:58 UTC] PHP Fatal error:  Uncaught Error: Call to undefined function parent_id() in /app/public/wp-content/themes/ExpressU/header.php:25
Stack trace:
#0 /app/public/wp-includes/template.php(688): require_once()
#1 /app/public/wp-includes/template.php(647): load_template('/app/public/wp-...', true)
#2 /app/public/wp-includes/general-template.php(41): locate_template(Array, true)
#3 /app/public/wp-content/themes/ExpressU/page.php(2): get_header()
#4 /app/public/wp-includes/template-loader.php(74): include('/app/public/wp-...')
#5 /app/public/wp-blog-header.php(19): require_once('/app/public/wp-...')
#6 /app/public/index.php(17): require('/app/public/wp-...')
#7 {main}
  thrown in /app/public/wp-content/themes/ExpressU/header.php on line 25
[10-Apr-2018 22:38:03 UTC] PHP Fatal error:  Uncaught Error: Call to undefined function wp_get_parent_id() in /app/public/wp-content/themes/ExpressU/header.php:25
Stack trace:
#0 /app/public/wp-includes/template.php(688): require_once()
#1 /app/public/wp-includes/template.php(647): load_template('/app/public/wp-...', true)
#2 /app/public/wp-includes/general-template.php(41): locate_template(Array, true)
#3 /app/public/wp-content/themes/ExpressU/page.php(2): get_header()
#4 /app/public/wp-includes/template-loader.php(74): include('/app/public/wp-...')
#5 /app/public/wp-blog-header.php(19): require_once('/app/public/wp-...')
#6 /app/public/index.php(17): require('/app/public/wp-...')
#7 {main}
  thrown in /app/public/wp-content/themes/ExpressU/header.php on line 25
[10-Apr-2018 22:38:04 UTC] PHP Fatal error:  Uncaught Error: Call to undefined function wp_get_parent_id() in /app/public/wp-content/themes/ExpressU/header.php:25
Stack trace:
#0 /app/public/wp-includes/template.php(688): require_once()
#1 /app/public/wp-includes/template.php(647): load_template('/app/public/wp-...', true)
#2 /app/public/wp-includes/general-template.php(41): locate_template(Array, true)
#3 /app/public/wp-content/themes/ExpressU/page.php(2): get_header()
#4 /app/public/wp-includes/template-loader.php(74): include('/app/public/wp-...')
#5 /app/public/wp-blog-header.php(19): require_once('/app/public/wp-...')
#6 /app/public/index.php(17): require('/app/public/wp-...')
#7 {main}
  thrown in /app/public/wp-content/themes/ExpressU/header.php on line 25
[10-Apr-2018 22:54:28 UTC] PHP Parse error:  syntax error, unexpected '}' in /app/public/wp-content/themes/ExpressU/index.php on line 24
[10-Apr-2018 23:13:07 UTC] PHP Fatal error:  Uncaught Error: Call to undefined function get_the_categories() in /app/public/wp-content/themes/ExpressU/index.php:22
Stack trace:
#0 /app/public/wp-includes/template-loader.php(74): include()
#1 /app/public/wp-blog-header.php(19): require_once('/app/public/wp-...')
#2 /app/public/index.php(17): require('/app/public/wp-...')
#3 {main}
  thrown in /app/public/wp-content/themes/ExpressU/index.php on line 22
[10-Apr-2018 23:13:53 UTC] PHP Fatal error:  Uncaught Error: Call to undefined function get_the_categories() in /app/public/wp-content/themes/ExpressU/index.php:22
Stack trace:
#0 /app/public/wp-includes/template-loader.php(74): include()
#1 /app/public/wp-blog-header.php(19): require_once('/app/public/wp-...')
#2 /app/public/index.php(17): require('/app/public/wp-...')
#3 {main}
  thrown in /app/public/wp-content/themes/ExpressU/index.php on line 22
[10-Apr-2018 23:13:54 UTC] PHP Fatal error:  Uncaught Error: Call to undefined function get_the_categories() in /app/public/wp-content/themes/ExpressU/index.php:22
Stack trace:
#0 /app/public/wp-includes/template-loader.php(74): include()
#1 /app/public/wp-blog-header.php(19): require_once('/app/public/wp-...')
#2 /app/public/index.php(17): require('/app/public/wp-...')
#3 {main}
  thrown in /app/public/wp-content/themes/ExpressU/index.php on line 22
[10-Apr-2018 23:16:06 UTC] PHP Fatal error:  Uncaught Error: Call to undefined function get_the_categories() in /app/public/wp-content/themes/ExpressU/index.php:22
Stack trace:
#0 /app/public/wp-includes/template-loader.php(74): include()
#1 /app/public/wp-blog-header.php(19): require_once('/app/public/wp-...')
#2 /app/public/index.php(17): require('/app/public/wp-...')
#3 {main}
  thrown in /app/public/wp-content/themes/ExpressU/index.php on line 22
[10-Apr-2018 23:18:10 UTC] PHP Fatal error:  Uncaught Error: Call to undefined function get_the_categories() in /app/public/wp-content/themes/ExpressU/index.php:22
Stack trace:
#0 /app/public/wp-includes/template-loader.php(74): include()
#1 /app/public/wp-blog-header.php(19): require_once('/app/public/wp-...')
#2 /app/public/index.php(17): require('/app/public/wp-...')
#3 {main}
  thrown in /app/public/wp-content/themes/ExpressU/index.php on line 22
[10-Apr-2018 23:18:11 UTC] PHP Fatal error:  Uncaught Error: Call to undefined function get_the_categories() in /app/public/wp-content/themes/ExpressU/index.php:22
Stack trace:
#0 /app/public/wp-includes/template-loader.php(74): include()
#1 /app/public/wp-blog-header.php(19): require_once('/app/public/wp-...')
#2 /app/public/index.php(17): require('/app/public/wp-...')
#3 {main}
  thrown in /app/public/wp-content/themes/ExpressU/index.php on line 22
[11-Apr-2018 20:57:13 UTC] PHP Parse error:  syntax error, unexpected 'wp_trim_words' (T_STRING) in /app/public/wp-content/themes/ExpressU/front-page.php on line 63
[11-Apr-2018 21:00:39 UTC] PHP Parse error:  syntax error, unexpected ';' in /app/public/wp-content/themes/ExpressU/front-page.php on line 57
[11-Apr-2018 21:16:10 UTC] PHP Parse error:  syntax error, unexpected ';', expecting ',' or ')' in /app/public/wp-content/themes/ExpressU/front-page.php on line 69
[11-Apr-2018 21:29:05 UTC] PHP Parse error:  syntax error, unexpected '}', expecting ',' or ';' in /app/public/wp-content/themes/ExpressU/header.php on line 29
[12-Apr-2018 20:43:45 UTC] PHP Parse error:  syntax error, unexpected ';', expecting ')' in /app/public/wp-content/themes/ExpressU/functions.php on line 29
[12-Apr-2018 20:59:56 UTC] PHP Parse error:  syntax error, unexpected 'function' (T_FUNCTION) in /app/public/wp-content/mu-plugins/events_plugin.php on line 3
[12-Apr-2018 21:00:56 UTC] PHP Parse error:  syntax error, unexpected 'function' (T_FUNCTION) in /app/public/wp-content/mu-plugins/events_plugin.php on line 3
[12-Apr-2018 21:01:18 UTC] PHP Parse error:  syntax error, unexpected 'function' (T_FUNCTION) in /app/public/wp-content/mu-plugins/events_plugin.php on line 3
[12-Apr-2018 21:01:38 UTC] PHP Parse error:  syntax error, unexpected 'function' (T_FUNCTION) in /app/public/wp-content/mu-plugins/events_plugin.php on line 3
[12-Apr-2018 21:16:39 UTC] PHP Parse error:  syntax error, unexpected '}' in /app/public/wp-content/themes/ExpressU/front-page.php on line 27
[12-Apr-2018 21:17:52 UTC] PHP Parse error:  syntax error, unexpected '}' in /app/public/wp-content/themes/ExpressU/front-page.php on line 27
[12-Apr-2018 21:18:48 UTC] PHP Parse error:  syntax error, unexpected '}' in /app/public/wp-content/themes/ExpressU/front-page.php on line 27
[12-Apr-2018 21:18:49 UTC] PHP Parse error:  syntax error, unexpected '}' in /app/public/wp-content/themes/ExpressU/front-page.php on line 27
[12-Apr-2018 21:23:42 UTC] PHP Fatal error:  Uncaught Error: Call to undefined function wp_trip_words() in /app/public/wp-content/themes/ExpressU/front-page.php:33
Stack trace:
#0 /app/public/wp-includes/template-loader.php(74): include()
#1 /app/public/wp-blog-header.php(19): require_once('/app/public/wp-...')
#2 /app/public/index.php(17): require('/app/public/wp-...')
#3 {main}
  thrown in /app/public/wp-content/themes/ExpressU/front-page.php on line 33
[12-Apr-2018 21:23:59 UTC] PHP Fatal error:  Uncaught Error: Call to undefined function wp_trip_words() in /app/public/wp-content/themes/ExpressU/front-page.php:34
Stack trace:
#0 /app/public/wp-includes/template-loader.php(74): include()
#1 /app/public/wp-blog-header.php(19): require_once('/app/public/wp-...')
#2 /app/public/index.php(17): require('/app/public/wp-...')
#3 {main}
  thrown in /app/public/wp-content/themes/ExpressU/front-page.php on line 34
[12-Apr-2018 21:52:33 UTC] PHP Parse error:  syntax error, unexpected ''has_archive'' (T_CONSTANT_ENCAPSED_STRING), expecting ')' in /app/public/wp-content/mu-plugins/events_plugin.php on line 7
[12-Apr-2018 21:52:34 UTC] PHP Parse error:  syntax error, unexpected ''has_archive'' (T_CONSTANT_ENCAPSED_STRING), expecting ')' in /app/public/wp-content/mu-plugins/events_plugin.php on line 7
[12-Apr-2018 21:52:36 UTC] PHP Parse error:  syntax error, unexpected ''has_archive'' (T_CONSTANT_ENCAPSED_STRING), expecting ')' in /app/public/wp-content/mu-plugins/events_plugin.php on line 7
[12-Apr-2018 22:18:55 UTC] PHP Fatal error:  Cannot redeclare university_post_types() (previously declared in /app/public/wp-content/mu-plugins/events_plugin.php:4) in /app/public/wp-content/mu-plugins/events_plugin.php on line 54
[14-Apr-2018 21:26:24 UTC] PHP Parse error:  syntax error, unexpected '=>' (T_DOUBLE_ARROW), expecting ')' in /app/public/wp-content/mu-plugins/events_plugin.php on line 8
[14-Apr-2018 21:26:24 UTC] PHP Parse error:  syntax error, unexpected '=>' (T_DOUBLE_ARROW), expecting ')' in /app/public/wp-content/mu-plugins/events_plugin.php on line 8
[14-Apr-2018 22:03:21 UTC] PHP Parse error:  syntax error, unexpected ''meta_query'' (T_CONSTANT_ENCAPSED_STRING), expecting ')' in /app/public/wp-content/themes/ExpressU/front-page.php on line 28
[14-Apr-2018 22:34:28 UTC] PHP Parse error:  syntax error, unexpected ';', expecting ')' in /app/public/wp-content/themes/ExpressU/functions.php on line 29
[14-Apr-2018 22:45:26 UTC] PHP Parse error:  syntax error, unexpected '(', expecting identifier (T_STRING) or variable (T_VARIABLE) or '{' or '$' in /app/public/wp-content/themes/ExpressU/page-past-events.php on line 19
[14-Apr-2018 23:34:31 UTC] PHP Fatal error:  Uncaught Error: Call to undefined function isPage() in /app/public/wp-content/themes/ExpressU/header.php:27
Stack trace:
#0 /app/public/wp-includes/template.php(688): require_once()
#1 /app/public/wp-includes/template.php(647): load_template('/app/public/wp-...', true)
#2 /app/public/wp-includes/general-template.php(41): locate_template(Array, true)
#3 /app/public/wp-content/themes/ExpressU/page-past-events.php(3): get_header()
#4 /app/public/wp-includes/template-loader.php(74): include('/app/public/wp-...')
#5 /app/public/wp-blog-header.php(19): require_once('/app/public/wp-...')
#6 /app/public/index.php(17): require('/app/public/wp-...')
#7 {main}
  thrown in /app/public/wp-content/themes/ExpressU/header.php on line 27
[14-Apr-2018 23:34:34 UTC] PHP Fatal error:  Uncaught Error: Call to undefined function isPage() in /app/public/wp-content/themes/ExpressU/header.php:27
Stack trace:
#0 /app/public/wp-includes/template.php(688): require_once()
#1 /app/public/wp-includes/template.php(647): load_template('/app/public/wp-...', true)
#2 /app/public/wp-includes/general-template.php(41): locate_template(Array, true)
#3 /app/public/wp-content/themes/ExpressU/page-past-events.php(3): get_header()
#4 /app/public/wp-includes/template-loader.php(74): include('/app/public/wp-...')
#5 /app/public/wp-blog-header.php(19): require_once('/app/public/wp-...')
#6 /app/public/index.php(17): require('/app/public/wp-...')
#7 {main}
  thrown in /app/public/wp-content/themes/ExpressU/header.php on line 27
